----------

Tue Feb 18 2020 18:20:23 GMT+1000 (Australian Eastern Standard Time)

warning: LF will be replaced by CRLF in assets/bootstrap/css/bootstrap.min.css.
The file will have its original line endings in your working directory
warning: LF will be replaced by CRLF in assets/bootstrap/js/bootstrap.min.js.
The file will have its original line endings in your working directory
warning: LF will be replaced by CRLF in assets/fonts/ionicons.min.css.
The file will have its original line endings in your working directory
warning: LF will be replaced by CRLF in assets/fonts/ionicons.svg.
The file will have its original line endings in your working directory
warning: LF will be replaced by CRLF in assets/js/jquery.min.js.
The file will have its original line endings in your working directory
warning: LF will be replaced by CRLF in assets/js/theme.js.
The file will have its original line endings in your working directory
warning: LF will be replaced by CRLF in contact.html.
The file will have its original line endings in your working directory
warning: LF will be replaced by CRLF in cv.html.
The file will have its original line endings in your working directory
warning: LF will be replaced by CRLF in index.html.
The file will have its original line endings in your working directory
warning: LF will be replaced by CRLF in project-page.html.
The file will have its original line endings in your working directory
warning: LF will be replaced by CRLF in projects-grid-cards.html.
The file will have its original line endings in your working directory


----------

Tue Feb 18 2020 18:21:35 GMT+1000 (Australian Eastern Standard Time)

warning: LF will be replaced by CRLF in assets/bootstrap/css/bootstrap.min.css.
The file will have its original line endings in your working directory
warning: LF will be replaced by CRLF in assets/bootstrap/js/bootstrap.min.js.
The file will have its original line endings in your working directory
warning: LF will be replaced by CRLF in assets/fonts/ionicons.min.css.
The file will have its original line endings in your working directory
warning: LF will be replaced by CRLF in assets/fonts/ionicons.svg.
The file will have its original line endings in your working directory
warning: LF will be replaced by CRLF in assets/js/jquery.min.js.
The file will have its original line endings in your working directory
warning: LF will be replaced by CRLF in assets/js/theme.js.
The file will have its original line endings in your working directory
warning: LF will be replaced by CRLF in contact.html.
The file will have its original line endings in your working directory
warning: LF will be replaced by CRLF in cv.html.
The file will have its original line endings in your working directory
warning: LF will be replaced by CRLF in index.html.
The file will have its original line endings in your working directory
warning: LF will be replaced by CRLF in project-page.html.
The file will have its original line endings in your working directory
warning: LF will be replaced by CRLF in projects-grid-cards.html.
The file will have its original line endings in your working directory
warning: LF will be replaced by CRLF in error.log.
The file will have its original line endings in your working directory


----------

Tue Feb 18 2020 18:25:26 GMT+1000 (Australian Eastern Standard Time)

Logon failed, use ctrl+c to cancel basic credential prompt.


----------

Tue Feb 18 2020 18:25:26 GMT+1000 (Australian Eastern Standard Time)

bash: /dev/tty: No such device or address


----------

Tue Feb 18 2020 18:25:27 GMT+1000 (Australian Eastern Standard Time)

Logon failed, use ctrl+c to cancel basic credential prompt.


----------

Tue Feb 18 2020 18:25:28 GMT+1000 (Australian Eastern Standard Time)

bash: /dev/tty: No such device or address


----------

Tue Feb 18 2020 18:26:15 GMT+1000 (Australian Eastern Standard Time)

warning: LF will be replaced by CRLF in assets/bootstrap/css/bootstrap.min.css.
The file will have its original line endings in your working directory
warning: LF will be replaced by CRLF in assets/bootstrap/js/bootstrap.min.js.
The file will have its original line endings in your working directory
warning: LF will be replaced by CRLF in assets/fonts/ionicons.min.css.
The file will have its original line endings in your working directory
warning: LF will be replaced by CRLF in assets/fonts/ionicons.svg.
The file will have its original line endings in your working directory
warning: LF will be replaced by CRLF in assets/js/jquery.min.js.
The file will have its original line endings in your working directory
warning: LF will be replaced by CRLF in assets/js/theme.js.
The file will have its original line endings in your working directory
warning: LF will be replaced by CRLF in contact.html.
The file will have its original line endings in your working directory
warning: LF will be replaced by CRLF in cv.html.
The file will have its original line endings in your working directory
warning: LF will be replaced by CRLF in error.log.
The file will have its original line endings in your working directory
warning: LF will be replaced by CRLF in index.html.
The file will have its original line endings in your working directory
warning: LF will be replaced by CRLF in project-page.html.
The file will have its original line endings in your working directory
warning: LF will be replaced by CRLF in projects-grid-cards.html.
The file will have its original line endings in your working directory


----------

Tue Feb 18 2020 18:26:24 GMT+1000 (Australian Eastern Standard Time)

To https://github.com/gfroessilva/gfroessilva.github.io.git
   3d6c044..a355d92  master -> master


----------

Tue Feb 18 2020 18:30:18 GMT+1000 (Australian Eastern Standard Time)

warning: LF will be replaced by CRLF in assets/bootstrap/css/bootstrap.min.css.
The file will have its original line endings in your working directory
warning: LF will be replaced by CRLF in assets/bootstrap/js/bootstrap.min.js.
The file will have its original line endings in your working directory
warning: LF will be replaced by CRLF in assets/fonts/ionicons.min.css.
The file will have its original line endings in your working directory
warning: LF will be replaced by CRLF in assets/fonts/ionicons.svg.
The file will have its original line endings in your working directory
warning: LF will be replaced by CRLF in assets/js/jquery.min.js.
The file will have its original line endings in your working directory
warning: LF will be replaced by CRLF in assets/js/theme.js.
The file will have its original line endings in your working directory
warning: LF will be replaced by CRLF in contact.html.
The file will have its original line endings in your working directory
warning: LF will be replaced by CRLF in cv.html.
The file will have its original line endings in your working directory
warning: LF will be replaced by CRLF in error.log.
The file will have its original line endings in your working directory
warning: LF will be replaced by CRLF in index.html.
The file will have its original line endings in your working directory
warning: LF will be replaced by CRLF in project-page.html.
The file will have its original line endings in your working directory
warning: LF will be replaced by CRLF in projects-grid-cards.html.
The file will have its original line endings in your working directory


----------

Tue Feb 18 2020 18:30:27 GMT+1000 (Australian Eastern Standard Time)

To https://github.com/gfroessilva/gfroessilva.github.io.git
   a355d92..6b06b77  master -> master


----------

Sat Feb 22 2020 23:02:17 GMT+1000 (Australian Eastern Standard Time)

warning: LF will be replaced by CRLF in assets/bootstrap/css/bootstrap.min.css.
The file will have its original line endings in your working directory
warning: LF will be replaced by CRLF in assets/bootstrap/js/bootstrap.min.js.
The file will have its original line endings in your working directory
warning: LF will be replaced by CRLF in assets/fonts/ionicons.min.css.
The file will have its original line endings in your working directory
warning: LF will be replaced by CRLF in assets/fonts/ionicons.svg.
The file will have its original line endings in your working directory
warning: LF will be replaced by CRLF in assets/js/jquery.min.js.
The file will have its original line endings in your working directory
warning: LF will be replaced by CRLF in assets/js/theme.js.
The file will have its original line endings in your working directory
warning: LF will be replaced by CRLF in contact.html.
The file will have its original line endings in your working directory
warning: LF will be replaced by CRLF in cv.html.
The file will have its original line endings in your working directory
warning: LF will be replaced by CRLF in error.log.
The file will have its original line endings in your working directory
warning: LF will be replaced by CRLF in index.html.
The file will have its original line endings in your working directory
warning: LF will be replaced by CRLF in assets/css/Projects-Horizontal.css.
The file will have its original line endings in your working directory
warning: LF will be replaced by CRLF in publications.html.
The file will have its original line endings in your working directory
warning: LF will be replaced by CRLF in teaching-1.html.
The file will have its original line endings in your working directory
warning: LF will be replaced by CRLF in teaching.html.
The file will have its original line endings in your working directory


----------

Sat Feb 22 2020 23:02:28 GMT+1000 (Australian Eastern Standard Time)

To https://github.com/gfroessilva/gfroessilva.github.io.git
   6b06b77..d7db4b5  master -> master


----------

Sat Feb 22 2020 23:32:04 GMT+1000 (Australian Eastern Standard Time)

warning: LF will be replaced by CRLF in assets/bootstrap/css/bootstrap.min.css.
The file will have its original line endings in your working directory
warning: LF will be replaced by CRLF in assets/bootstrap/js/bootstrap.min.js.
The file will have its original line endings in your working directory
warning: LF will be replaced by CRLF in assets/css/Projects-Horizontal.css.
The file will have its original line endings in your working directory
warning: LF will be replaced by CRLF in assets/fonts/ionicons.min.css.
The file will have its original line endings in your working directory
warning: LF will be replaced by CRLF in assets/fonts/ionicons.svg.
The file will have its original line endings in your working directory
warning: LF will be replaced by CRLF in assets/js/jquery.min.js.
The file will have its original line endings in your working directory
warning: LF will be replaced by CRLF in assets/js/theme.js.
The file will have its original line endings in your working directory
warning: LF will be replaced by CRLF in contact.html.
The file will have its original line endings in your working directory
warning: LF will be replaced by CRLF in cv.html.
The file will have its original line endings in your working directory
warning: LF will be replaced by CRLF in error.log.
The file will have its original line endings in your working directory
warning: LF will be replaced by CRLF in index.html.
The file will have its original line endings in your working directory
warning: LF will be replaced by CRLF in publications.html.
The file will have its original line endings in your working directory
warning: LF will be replaced by CRLF in teaching.html.
The file will have its original line endings in your working directory
warning: LF will be replaced by CRLF in assets/fonts/fa-brands-400.svg.
The file will have its original line endings in your working directory
warning: LF will be replaced by CRLF in assets/fonts/fa-regular-400.svg.
The file will have its original line endings in your working directory
warning: LF will be replaced by CRLF in assets/fonts/fa-solid-900.svg.
The file will have its original line endings in your working directory
warning: LF will be replaced by CRLF in assets/fonts/fontawesome-all.min.css.
The file will have its original line endings in your working directory
warning: LF will be replaced by CRLF in shadows.html.
The file will have its original line endings in your working directory
warning: LF will be replaced by CRLF in vehicleplatooning.html.
The file will have its original line endings in your working directory


----------

Sat Feb 22 2020 23:32:08 GMT+1000 (Australian Eastern Standard Time)

warning: LF will be replaced by CRLF in assets/bootstrap/css/bootstrap.min.css.
The file will have its original line endings in your working directory
warning: LF will be replaced by CRLF in assets/bootstrap/js/bootstrap.min.js.
The file will have its original line endings in your working directory
warning: LF will be replaced by CRLF in assets/css/Projects-Horizontal.css.
The file will have its original line endings in your working directory
warning: LF will be replaced by CRLF in assets/fonts/fa-brands-400.svg.
The file will have its original line endings in your working directory
warning: LF will be replaced by CRLF in assets/fonts/fa-regular-400.svg.
The file will have its original line endings in your working directory
warning: LF will be replaced by CRLF in assets/fonts/fa-solid-900.svg.
The file will have its original line endings in your working directory
warning: LF will be replaced by CRLF in assets/fonts/fontawesome-all.min.css.
The file will have its original line endings in your working directory
warning: LF will be replaced by CRLF in assets/fonts/ionicons.min.css.
The file will have its original line endings in your working directory
warning: LF will be replaced by CRLF in assets/fonts/ionicons.svg.
The file will have its original line endings in your working directory
warning: LF will be replaced by CRLF in assets/js/jquery.min.js.
The file will have its original line endings in your working directory
warning: LF will be replaced by CRLF in assets/js/theme.js.
The file will have its original line endings in your working directory
warning: LF will be replaced by CRLF in contact.html.
The file will have its original line endings in your working directory
warning: LF will be replaced by CRLF in cv.html.
The file will have its original line endings in your working directory
warning: LF will be replaced by CRLF in error.log.
The file will have its original line endings in your working directory
warning: LF will be replaced by CRLF in index.html.
The file will have its original line endings in your working directory
warning: LF will be replaced by CRLF in publications.html.
The file will have its original line endings in your working directory
warning: LF will be replaced by CRLF in shadows.html.
The file will have its original line endings in your working directory
warning: LF will be replaced by CRLF in teaching.html.
The file will have its original line endings in your working directory
warning: LF will be replaced by CRLF in vehicleplatooning.html.
The file will have its original line endings in your working directory


----------

Sat Feb 22 2020 23:32:18 GMT+1000 (Australian Eastern Standard Time)

To https://github.com/gfroessilva/gfroessilva.github.io.git
   d7db4b5..cde5754  master -> master


----------

Sat Feb 22 2020 23:32:19 GMT+1000 (Australian Eastern Standard Time)

To https://github.com/gfroessilva/gfroessilva.github.io.git
 ! [remote rejected] master -> master (cannot lock ref 'refs/heads/master': is at efb46eef0342789ff25247c61959acc835dd451c but expected d7db4b544c5a9ff7e5824e8e72c670b61c1985b3)
error: failed to push some refs to 'https://github.com/gfroessilva/gfroessilva.github.io.git'


----------

Sat Feb 22 2020 23:37:58 GMT+1000 (Australian Eastern Standard Time)

warning: LF will be replaced by CRLF in assets/bootstrap/css/bootstrap.min.css.
The file will have its original line endings in your working directory
warning: LF will be replaced by CRLF in assets/bootstrap/js/bootstrap.min.js.
The file will have its original line endings in your working directory
warning: LF will be replaced by CRLF in assets/css/Projects-Horizontal.css.
The file will have its original line endings in your working directory
warning: LF will be replaced by CRLF in assets/fonts/fa-brands-400.svg.
The file will have its original line endings in your working directory
warning: LF will be replaced by CRLF in assets/fonts/fa-regular-400.svg.
The file will have its original line endings in your working directory
warning: LF will be replaced by CRLF in assets/fonts/fa-solid-900.svg.
The file will have its original line endings in your working directory
warning: LF will be replaced by CRLF in assets/fonts/fontawesome-all.min.css.
The file will have its original line endings in your working directory
warning: LF will be replaced by CRLF in assets/fonts/ionicons.min.css.
The file will have its original line endings in your working directory
warning: LF will be replaced by CRLF in assets/fonts/ionicons.svg.
The file will have its original line endings in your working directory
warning: LF will be replaced by CRLF in assets/js/jquery.min.js.
The file will have its original line endings in your working directory
warning: LF will be replaced by CRLF in assets/js/theme.js.
The file will have its original line endings in your working directory
warning: LF will be replaced by CRLF in contact.html.
The file will have its original line endings in your working directory
warning: LF will be replaced by CRLF in cv.html.
The file will have its original line endings in your working directory
warning: LF will be replaced by CRLF in error.log.
The file will have its original line endings in your working directory
warning: LF will be replaced by CRLF in index.html.
The file will have its original line endings in your working directory
warning: LF will be replaced by CRLF in publications.html.
The file will have its original line endings in your working directory
warning: LF will be replaced by CRLF in shadows.html.
The file will have its original line endings in your working directory
warning: LF will be replaced by CRLF in teaching.html.
The file will have its original line endings in your working directory
warning: LF will be replaced by CRLF in vehicleplatooning.html.
The file will have its original line endings in your working directory


----------

Tue Feb 02 2021 15:41:51 GMT+1000 (Australian Eastern Standard Time)

Logon failed, use ctrl+c to cancel basic credential prompt.


----------

Tue Feb 02 2021 15:41:51 GMT+1000 (Australian Eastern Standard Time)

bash: /dev/tty: No such device or address


----------

Tue Feb 02 2021 15:43:01 GMT+1000 (Australian Eastern Standard Time)

Logon failed, use ctrl+c to cancel basic credential prompt.


----------

Tue Feb 02 2021 15:43:01 GMT+1000 (Australian Eastern Standard Time)

bash: /dev/tty: No such device or address


----------

Tue Feb 02 2021 15:44:17 GMT+1000 (Australian Eastern Standard Time)

Logon failed, use ctrl+c to cancel basic credential prompt.


----------

Tue Feb 02 2021 15:44:17 GMT+1000 (Australian Eastern Standard Time)

bash: /dev/tty: No such device or address


----------

Tue Feb 02 2021 15:57:04 GMT+1000 (Australian Eastern Standard Time)

Logon failed, use ctrl+c to cancel basic credential prompt.


----------

Tue Feb 02 2021 15:57:04 GMT+1000 (Australian Eastern Standard Time)

bash: /dev/tty: No such device or address


----------

Tue Feb 02 2021 16:26:32 GMT+1000 (Australian Eastern Standard Time)

To github.com:gfroessilva/gfroessilva.github.io.git
   15377f9..86e721f  master -> master


----------

Tue Feb 02 2021 16:42:26 GMT+1000 (Australian Eastern Standard Time)

Warning: Permanently added the RSA host key for IP address '52.64.108.95' to the list of known hosts.


----------

Tue Feb 02 2021 16:42:30 GMT+1000 (Australian Eastern Standard Time)

To github.com:gfroessilva/gfroessilva.github.io.git
   86e721f..f249cf4  master -> master


----------

Tue Feb 02 2021 16:45:46 GMT+1000 (Australian Eastern Standard Time)

To github.com:gfroessilva/gfroessilva.github.io.git
   f249cf4..e246c7f  master -> master


